C:\USERS\BIYUNQIANG\DESKTOP\VS_PROJECTS\VOICE_CLIENT\DEBUG\VOICE_CLIENT.EXE
C:\Users\biyunqiang\Desktop\VS_Projects\voice_client\Debug\voice_client.exp
C:\USERS\BIYUNQIANG\DESKTOP\VS_PROJECTS\VOICE_CLIENT\DEBUG\VOICE_CLIENT.ILK
C:\Users\biyunqiang\Desktop\VS_Projects\voice_client\Debug\voice_client.lib
C:\USERS\BIYUNQIANG\DESKTOP\VS_PROJECTS\VOICE_CLIENT\DEBUG\VOICE_CLIENT.PDB
C:\USERS\BIYUNQIANG\DESKTOP\VS_PROJECTS\VOICE_CLIENT\VOICE_CLIENT\DEBUG\ASIO.OBJ
C:\USERS\BIYUNQIANG\DESKTOP\VS_PROJECTS\VOICE_CLIENT\VOICE_CLIENT\DEBUG\ASIODRIVERS.OBJ
C:\USERS\BIYUNQIANG\DESKTOP\VS_PROJECTS\VOICE_CLIENT\VOICE_CLIENT\DEBUG\ASIOLIST.OBJ
C:\Users\biyunqiang\Desktop\VS_Projects\voice_client\voice_client\Debug\cl.command.1.tlog
C:\Users\biyunqiang\Desktop\VS_Projects\voice_client\voice_client\Debug\CL.read.1.tlog
C:\Users\biyunqiang\Desktop\VS_Projects\voice_client\voice_client\Debug\CL.write.1.tlog
C:\USERS\BIYUNQIANG\DESKTOP\VS_PROJECTS\VOICE_CLIENT\VOICE_CLIENT\DEBUG\CLIENT.OBJ
C:\USERS\BIYUNQIANG\DESKTOP\VS_PROJECTS\VOICE_CLIENT\VOICE_CLIENT\DEBUG\IASIOTHISCALLRESOLVER.OBJ
C:\Users\biyunqiang\Desktop\VS_Projects\voice_client\voice_client\Debug\link.10596.read.1.tlog
C:\Users\biyunqiang\Desktop\VS_Projects\voice_client\voice_client\Debug\link.10596.write.1.tlog
C:\Users\biyunqiang\Desktop\VS_Projects\voice_client\voice_client\Debug\link.10596-cvtres.read.1.tlog
C:\Users\biyunqiang\Desktop\VS_Projects\voice_client\voice_client\Debug\link.10596-cvtres.write.1.tlog
C:\Users\biyunqiang\Desktop\VS_Projects\voice_client\voice_client\Debug\link.11160.read.1.tlog
C:\Users\biyunqiang\Desktop\VS_Projects\voice_client\voice_client\Debug\link.11160.write.1.tlog
C:\Users\biyunqiang\Desktop\VS_Projects\voice_client\voice_client\Debug\link.11160-cvtres.read.1.tlog
C:\Users\biyunqiang\Desktop\VS_Projects\voice_client\voice_client\Debug\link.11160-cvtres.write.1.tlog
C:\Users\biyunqiang\Desktop\VS_Projects\voice_client\voice_client\Debug\link.command.1.tlog
C:\Users\biyunqiang\Desktop\VS_Projects\voice_client\voice_client\Debug\link.read.1.tlog
C:\Users\biyunqiang\Desktop\VS_Projects\voice_client\voice_client\Debug\link.write.1.tlog
C:\Users\biyunqiang\Desktop\VS_Projects\voice_client\voice_client\Debug\link-cvtres.read.1.tlog
C:\Users\biyunqiang\Desktop\VS_Projects\voice_client\voice_client\Debug\link-cvtres.write.1.tlog
C:\Users\biyunqiang\Desktop\VS_Projects\voice_client\voice_client\Debug\mt.command.1.tlog
C:\Users\biyunqiang\Desktop\VS_Projects\voice_client\voice_client\Debug\mt.read.1.tlog
C:\Users\biyunqiang\Desktop\VS_Projects\voice_client\voice_client\Debug\mt.write.1.tlog
C:\Users\biyunqiang\Desktop\VS_Projects\voice_client\voice_client\Debug\rc.command.1.tlog
C:\Users\biyunqiang\Desktop\VS_Projects\voice_client\voice_client\Debug\rc.read.1.tlog
C:\Users\biyunqiang\Desktop\VS_Projects\voice_client\voice_client\Debug\rc.write.1.tlog
C:\USERS\BIYUNQIANG\DESKTOP\VS_PROJECTS\VOICE_CLIENT\VOICE_CLIENT\DEBUG\RTAUDIO.OBJ
C:\Users\biyunqiang\Desktop\VS_Projects\voice_client\voice_client\Debug\vc100.idb
C:\USERS\BIYUNQIANG\DESKTOP\VS_PROJECTS\VOICE_CLIENT\VOICE_CLIENT\DEBUG\VC100.PDB
C:\USERS\BIYUNQIANG\DESKTOP\VS_PROJECTS\VOICE_CLIENT\VOICE_CLIENT\DEBUG\VOICE_CLIENT.EXE.EMBED.MANIFEST
C:\USERS\BIYUNQIANG\DESKTOP\VS_PROJECTS\VOICE_CLIENT\VOICE_CLIENT\DEBUG\VOICE_CLIENT.EXE.EMBED.MANIFEST.RES
C:\USERS\BIYUNQIANG\DESKTOP\VS_PROJECTS\VOICE_CLIENT\VOICE_CLIENT\DEBUG\VOICE_CLIENT.EXE.INTERMEDIATE.MANIFEST
C:\Users\biyunqiang\Desktop\VS_Projects\voice_client\voice_client\Debug\voice_client.write.1.tlog
C:\Users\biyunqiang\Desktop\VS_Projects\voice_client\voice_client\Debug\voice_client_manifest.rc
